{"numTotalTestSuites":9,"numPassedTestSuites":4,"numFailedTestSuites":5,"numPendingTestSuites":0,"numTotalTests":18,"numPassedTests":12,"numFailedTests":6,"numPendingTests":0,"numTodoTests":0,"snapshot":{"added":0,"failure":false,"filesAdded":0,"filesRemoved":0,"filesRemovedList":[],"filesUnmatched":0,"filesUpdated":0,"matched":0,"total":0,"unchecked":0,"uncheckedKeysByFile":[],"unmatched":0,"updated":0,"didUpdate":false},"startTime":1754127266939,"success":false,"testResults":[{"assertionResults":[{"ancestorTitles":["Performance Tests","Initialize Performance"],"fullName":"Performance Tests Initialize Performance should initialize within acceptable time limits for Cloudflare Workers","status":"passed","title":"should initialize within acceptable time limits for Cloudflare Workers","duration":3.2279450000000907,"failureMessages":[],"meta":{}},{"ancestorTitles":["Performance Tests","Initialize Performance"],"fullName":"Performance Tests Initialize Performance should initialize within acceptable time limits for NPM Package","status":"passed","title":"should initialize within acceptable time limits for NPM Package","duration":133.12284499999998,"failureMessages":[],"meta":{}},{"ancestorTitles":["Performance Tests","Tools List Performance"],"fullName":"Performance Tests Tools List Performance should list tools within acceptable time limits for Cloudflare Workers","status":"passed","title":"should list tools within acceptable time limits for Cloudflare Workers","duration":0.663677000000007,"failureMessages":[],"meta":{}},{"ancestorTitles":["Performance Tests","Tools List Performance"],"fullName":"Performance Tests Tools List Performance should list tools within acceptable time limits for NPM Package","status":"passed","title":"should list tools within acceptable time limits for NPM Package","duration":153.10120299999994,"failureMessages":[],"meta":{}},{"ancestorTitles":["Performance Tests","Tool Call Performance"],"fullName":"Performance Tests Tool Call Performance should execute assistant-list within acceptable time limits for Cloudflare Workers","status":"passed","title":"should execute assistant-list within acceptable time limits for Cloudflare Workers","duration":0.9890239999999721,"failureMessages":[],"meta":{}},{"ancestorTitles":["Performance Tests","Tool Call Performance"],"fullName":"Performance Tests Tool Call Performance should execute assistant-list within acceptable time limits for NPM Package","status":"passed","title":"should execute assistant-list within acceptable time limits for NPM Package","duration":81.26082599999995,"failureMessages":[],"meta":{}},{"ancestorTitles":["Performance Tests","Tool Call Performance"],"fullName":"Performance Tests Tool Call Performance should execute thread-create within acceptable time limits for Cloudflare Workers","status":"passed","title":"should execute thread-create within acceptable time limits for Cloudflare Workers","duration":0.5523289999999861,"failureMessages":[],"meta":{}},{"ancestorTitles":["Performance Tests","Tool Call Performance"],"fullName":"Performance Tests Tool Call Performance should execute thread-create within acceptable time limits for NPM Package","status":"passed","title":"should execute thread-create within acceptable time limits for NPM Package","duration":96.00779499999999,"failureMessages":[],"meta":{}},{"ancestorTitles":["Performance Tests","Tool Call Performance"],"fullName":"Performance Tests Tool Call Performance should execute message-create within acceptable time limits for Cloudflare Workers","status":"passed","title":"should execute message-create within acceptable time limits for Cloudflare Workers","duration":1.009555999999975,"failureMessages":[],"meta":{}},{"ancestorTitles":["Performance Tests","Tool Call Performance"],"fullName":"Performance Tests Tool Call Performance should execute message-create within acceptable time limits for NPM Package","status":"passed","title":"should execute message-create within acceptable time limits for NPM Package","duration":92.65407300000015,"failureMessages":[],"meta":{}},{"ancestorTitles":["Performance Tests","Concurrent Request Performance"],"fullName":"Performance Tests Concurrent Request Performance should handle concurrent requests within acceptable time limits for Cloudflare Workers","status":"passed","title":"should handle concurrent requests within acceptable time limits for Cloudflare Workers","duration":2.2383270000000266,"failureMessages":[],"meta":{}},{"ancestorTitles":["Performance Tests","Concurrent Request Performance"],"fullName":"Performance Tests Concurrent Request Performance should handle concurrent requests within acceptable time limits for NPM Package","status":"passed","title":"should handle concurrent requests within acceptable time limits for NPM Package","duration":38.80102899999997,"failureMessages":[],"meta":{}},{"ancestorTitles":["Performance Tests","Load Scenario Testing"],"fullName":"Performance Tests Load Scenario Testing should handle Light Load for Cloudflare Workers","status":"failed","title":"should handle Light Load for Cloudflare Workers","duration":7.638684000000012,"failureMessages":["AssertionError: expected 5 to be less than or equal to 0.5\n    at /home/jez/Documents/cloudflare-remote-mcp-server/openai-assistants-mcp/test/performance/performance-tests.test.js:144:30\n    at file:///home/jez/Documents/cloudflare-remote-mcp-server/openai-assistants-mcp/node_modules/@vitest/runner/dist/chunk-hooks.js:752:20","AssertionError: expected 5 to be less than or equal to 0.5\n    at /home/jez/Documents/cloudflare-remote-mcp-server/openai-assistants-mcp/test/performance/performance-tests.test.js:144:30\n    at file:///home/jez/Documents/cloudflare-remote-mcp-server/openai-assistants-mcp/node_modules/@vitest/runner/dist/chunk-hooks.js:752:20","AssertionError: expected 5 to be less than or equal to 0.5\n    at /home/jez/Documents/cloudflare-remote-mcp-server/openai-assistants-mcp/test/performance/performance-tests.test.js:144:30\n    at file:///home/jez/Documents/cloudflare-remote-mcp-server/openai-assistants-mcp/node_modules/@vitest/runner/dist/chunk-hooks.js:752:20"],"meta":{}},{"ancestorTitles":["Performance Tests","Load Scenario Testing"],"fullName":"Performance Tests Load Scenario Testing should handle Light Load for NPM Package","status":"failed","title":"should handle Light Load for NPM Package","duration":276.88781700000004,"failureMessages":["AssertionError: expected 5 to be less than or equal to 0.5\n    at /home/jez/Documents/cloudflare-remote-mcp-server/openai-assistants-mcp/test/performance/performance-tests.test.js:153:30\n    at file:///home/jez/Documents/cloudflare-remote-mcp-server/openai-assistants-mcp/node_modules/@vitest/runner/dist/chunk-hooks.js:752:20","AssertionError: expected 5 to be less than or equal to 0.5\n    at /home/jez/Documents/cloudflare-remote-mcp-server/openai-assistants-mcp/test/performance/performance-tests.test.js:153:30\n    at file:///home/jez/Documents/cloudflare-remote-mcp-server/openai-assistants-mcp/node_modules/@vitest/runner/dist/chunk-hooks.js:752:20","AssertionError: expected 5 to be less than or equal to 0.5\n    at /home/jez/Documents/cloudflare-remote-mcp-server/openai-assistants-mcp/test/performance/performance-tests.test.js:153:30\n    at file:///home/jez/Documents/cloudflare-remote-mcp-server/openai-assistants-mcp/node_modules/@vitest/runner/dist/chunk-hooks.js:752:20"],"meta":{}},{"ancestorTitles":["Performance Tests","Load Scenario Testing"],"fullName":"Performance Tests Load Scenario Testing should handle Medium Load for Cloudflare Workers","status":"failed","title":"should handle Medium Load for Cloudflare Workers","duration":1.9622699999999895,"failureMessages":["AssertionError: expected 10 to be less than or equal to 1\n    at /home/jez/Documents/cloudflare-remote-mcp-server/openai-assistants-mcp/test/performance/performance-tests.test.js:144:30\n    at file:///home/jez/Documents/cloudflare-remote-mcp-server/openai-assistants-mcp/node_modules/@vitest/runner/dist/chunk-hooks.js:752:20","AssertionError: expected 10 to be less than or equal to 1\n    at /home/jez/Documents/cloudflare-remote-mcp-server/openai-assistants-mcp/test/performance/performance-tests.test.js:144:30\n    at file:///home/jez/Documents/cloudflare-remote-mcp-server/openai-assistants-mcp/node_modules/@vitest/runner/dist/chunk-hooks.js:752:20","AssertionError: expected 10 to be less than or equal to 1\n    at /home/jez/Documents/cloudflare-remote-mcp-server/openai-assistants-mcp/test/performance/performance-tests.test.js:144:30\n    at file:///home/jez/Documents/cloudflare-remote-mcp-server/openai-assistants-mcp/node_modules/@vitest/runner/dist/chunk-hooks.js:752:20"],"meta":{}},{"ancestorTitles":["Performance Tests","Load Scenario Testing"],"fullName":"Performance Tests Load Scenario Testing should handle Medium Load for NPM Package","status":"failed","title":"should handle Medium Load for NPM Package","duration":496.866949,"failureMessages":["AssertionError: expected 10 to be less than or equal to 1\n    at /home/jez/Documents/cloudflare-remote-mcp-server/openai-assistants-mcp/test/performance/performance-tests.test.js:153:30\n    at file:///home/jez/Documents/cloudflare-remote-mcp-server/openai-assistants-mcp/node_modules/@vitest/runner/dist/chunk-hooks.js:752:20","AssertionError: expected 10 to be less than or equal to 1\n    at /home/jez/Documents/cloudflare-remote-mcp-server/openai-assistants-mcp/test/performance/performance-tests.test.js:153:30\n    at file:///home/jez/Documents/cloudflare-remote-mcp-server/openai-assistants-mcp/node_modules/@vitest/runner/dist/chunk-hooks.js:752:20","AssertionError: expected 10 to be less than or equal to 1\n    at /home/jez/Documents/cloudflare-remote-mcp-server/openai-assistants-mcp/test/performance/performance-tests.test.js:153:30\n    at file:///home/jez/Documents/cloudflare-remote-mcp-server/openai-assistants-mcp/node_modules/@vitest/runner/dist/chunk-hooks.js:752:20"],"meta":{}},{"ancestorTitles":["Performance Tests","Deployment Performance Comparison"],"fullName":"Performance Tests Deployment Performance Comparison should maintain reasonable performance parity between deployments","status":"failed","title":"should maintain reasonable performance parity between deployments","duration":531.796008,"failureMessages":["AssertionError: expected NaN to be greater than 0.33\n    at /home/jez/Documents/cloudflare-remote-mcp-server/openai-assistants-mcp/test/performance/performance-tests.test.js:185:24\n    at file:///home/jez/Documents/cloudflare-remote-mcp-server/openai-assistants-mcp/node_modules/@vitest/runner/dist/chunk-hooks.js:752:20","AssertionError: expected NaN to be greater than 0.33\n    at /home/jez/Documents/cloudflare-remote-mcp-server/openai-assistants-mcp/test/performance/performance-tests.test.js:185:24\n    at file:///home/jez/Documents/cloudflare-remote-mcp-server/openai-assistants-mcp/node_modules/@vitest/runner/dist/chunk-hooks.js:752:20","AssertionError: expected NaN to be greater than 0.33\n    at /home/jez/Documents/cloudflare-remote-mcp-server/openai-assistants-mcp/test/performance/performance-tests.test.js:185:24\n    at file:///home/jez/Documents/cloudflare-remote-mcp-server/openai-assistants-mcp/node_modules/@vitest/runner/dist/chunk-hooks.js:752:20"],"meta":{}},{"ancestorTitles":["Performance Tests","Memory Usage Testing"],"fullName":"Performance Tests Memory Usage Testing should maintain reasonable memory usage during operations","status":"failed","title":"should maintain reasonable memory usage during operations","duration":88.27076400000033,"failureMessages":["Error: No matching response found\n    at ChildProcess.<anonymous> (/home/jez/Documents/cloudflare-remote-mcp-server/openai-assistants-mcp/test/performance/performance-tests.test.js:415:16)\n    at ChildProcess.emit (node:events:507:28)\n    at maybeClose (node:internal/child_process:1101:16)\n    at Socket.<anonymous> (node:internal/child_process:457:11)\n    at Socket.emit (node:events:507:28)\n    at Pipe.<anonymous> (node:net:346:12)","Error: No matching response found\n    at ChildProcess.<anonymous> (/home/jez/Documents/cloudflare-remote-mcp-server/openai-assistants-mcp/test/performance/performance-tests.test.js:415:16)\n    at ChildProcess.emit (node:events:507:28)\n    at maybeClose (node:internal/child_process:1101:16)\n    at Socket.<anonymous> (node:internal/child_process:457:11)\n    at Socket.emit (node:events:507:28)\n    at Pipe.<anonymous> (node:net:346:12)","Error: No matching response found\n    at ChildProcess.<anonymous> (/home/jez/Documents/cloudflare-remote-mcp-server/openai-assistants-mcp/test/performance/performance-tests.test.js:415:16)\n    at ChildProcess.emit (node:events:507:28)\n    at maybeClose (node:internal/child_process:1101:16)\n    at Socket.<anonymous> (node:internal/child_process:457:11)\n    at Socket.emit (node:events:507:28)\n    at Pipe.<anonymous> (node:net:346:12)"],"meta":{}}],"startTime":1754127267180,"endTime":1754127269188.2708,"status":"failed","message":"","name":"/home/jez/Documents/cloudflare-remote-mcp-server/openai-assistants-mcp/test/performance/performance-tests.test.js"}]}