{"numTotalTestSuites":6,"numPassedTestSuites":6,"numFailedTestSuites":0,"numPendingTestSuites":0,"numTotalTests":9,"numPassedTests":9,"numFailedTests":0,"numPendingTests":0,"numTodoTests":0,"snapshot":{"added":0,"failure":false,"filesAdded":0,"filesRemoved":0,"filesRemovedList":[],"filesUnmatched":0,"filesUpdated":0,"matched":0,"total":0,"unchecked":0,"uncheckedKeysByFile":[],"unmatched":0,"updated":0,"didUpdate":false},"startTime":1754125756509,"success":true,"testResults":[{"assertionResults":[{"ancestorTitles":["Build System","JSON Definition Processing"],"fullName":"Build System JSON Definition Processing should validate tool definitions structure","status":"passed","title":"should validate tool definitions structure","duration":6.065077999999971,"failureMessages":[],"meta":{}},{"ancestorTitles":["Build System","JSON Definition Processing"],"fullName":"Build System JSON Definition Processing should validate prompt definitions structure","status":"passed","title":"should validate prompt definitions structure","duration":1.2522149999999783,"failureMessages":[],"meta":{}},{"ancestorTitles":["Build System","JSON Definition Processing"],"fullName":"Build System JSON Definition Processing should validate resource definitions structure","status":"passed","title":"should validate resource definitions structure","duration":1.2508039999999028,"failureMessages":[],"meta":{}},{"ancestorTitles":["Build System","Generated Files"],"fullName":"Build System Generated Files should have generated TypeScript types","status":"passed","title":"should have generated TypeScript types","duration":1.2804629999999406,"failureMessages":[],"meta":{}},{"ancestorTitles":["Build System","Generated Files"],"fullName":"Build System Generated Files should have generated compatibility layers","status":"passed","title":"should have generated compatibility layers","duration":0.8994419999999081,"failureMessages":[],"meta":{}},{"ancestorTitles":["Build System","Generated Files"],"fullName":"Build System Generated Files should have generated unified index","status":"passed","title":"should have generated unified index","duration":0.48999800000001414,"failureMessages":[],"meta":{}},{"ancestorTitles":["Build System","Schema Validation"],"fullName":"Build System Schema Validation should have valid JSON schemas","status":"passed","title":"should have valid JSON schemas","duration":0.8929789999999684,"failureMessages":[],"meta":{}},{"ancestorTitles":["Build System","Build Script Utilities"],"fullName":"Build System Build Script Utilities should convert strings to PascalCase correctly","status":"passed","title":"should convert strings to PascalCase correctly","duration":0.5216350000000602,"failureMessages":[],"meta":{}},{"ancestorTitles":["Build System","Build Script Utilities"],"fullName":"Build System Build Script Utilities should map JSON types to TypeScript correctly","status":"passed","title":"should map JSON types to TypeScript correctly","duration":0.856755000000021,"failureMessages":[],"meta":{}}],"startTime":1754125756778,"endTime":1754125756791.8567,"status":"passed","message":"","name":"/home/jez/Documents/cloudflare-remote-mcp-server/openai-assistants-mcp/test/unit/build-system.test.js"}]}